Analysis & Elaboration report for soc_system
Tue May 30 19:04:38 2017
Quartus Prime Version 17.0.0 Build 595 04/25/2017 SJ Lite Edition


---------------------
; Table of Contents ;
---------------------
  1. Legal Notice
  2. Analysis & Elaboration Summary
  3. Parallel Compilation
  4. Parameter Settings for User Entity Instance: neopixel:pixel
  5. Analysis & Elaboration Settings
  6. Port Connectivity Checks: "neopixel:pixel"
  7. Analysis & Elaboration Messages



----------------
; Legal Notice ;
----------------
Copyright (C) 2017  Intel Corporation. All rights reserved.
Your use of Intel Corporation's design tools, logic functions 
and other software and tools, and its AMPP partner logic 
functions, and any output files from any of the foregoing 
(including device programming or simulation files), and any 
associated documentation or information are expressly subject 
to the terms and conditions of the Intel Program License 
Subscription Agreement, the Intel Quartus Prime License Agreement,
the Intel MegaCore Function License Agreement, or other 
applicable license agreement, including, without limitation, 
that your use is for the sole purpose of programming logic 
devices manufactured by Intel and sold by Intel or its 
authorized distributors.  Please refer to the applicable 
agreement for further details.



+-----------------------------------------------------------------------------+
; Analysis & Elaboration Summary                                              ;
+-------------------------------+---------------------------------------------+
; Analysis & Elaboration Status ; Successful - Tue May 30 19:04:38 2017       ;
; Quartus Prime Version         ; 17.0.0 Build 595 04/25/2017 SJ Lite Edition ;
; Revision Name                 ; soc_system                                  ;
; Top-level Entity Name         ; ghrd                                        ;
; Family                        ; Cyclone V                                   ;
; Logic utilization (in ALMs)   ; N/A until Partition Merge                   ;
; Total registers               ; N/A until Partition Merge                   ;
; Total pins                    ; N/A until Partition Merge                   ;
; Total virtual pins            ; N/A until Partition Merge                   ;
; Total block memory bits       ; N/A until Partition Merge                   ;
; Total PLLs                    ; N/A until Partition Merge                   ;
; Total DLLs                    ; N/A until Partition Merge                   ;
+-------------------------------+---------------------------------------------+


+------------------------------------------+
; Parallel Compilation                     ;
+----------------------------+-------------+
; Processors                 ; Number      ;
+----------------------------+-------------+
; Number detected on machine ; 8           ;
; Maximum allowed            ; 8           ;
;                            ;             ;
; Average used               ; 1.00        ;
; Maximum used               ; 1           ;
;                            ;             ;
; Usage by Processor         ; % Time Used ;
;     Processor 1            ; 100.0%      ;
+----------------------------+-------------+


+-------------------------------------------------------------+
; Parameter Settings for User Entity Instance: neopixel:pixel ;
+--------------------+-------+--------------------------------+
; Parameter Name     ; Value ; Type                           ;
+--------------------+-------+--------------------------------+
; NUMBER_OF_NEOPIXEL ; 7     ; Signed Integer                 ;
; SIZE               ; 4     ; Signed Integer                 ;
; SEND_0             ; 0     ; Signed Integer                 ;
; SEND_1             ; 1     ; Signed Integer                 ;
; LATCH              ; 2     ; Signed Integer                 ;
; IDLE               ; 3     ; Signed Integer                 ;
+--------------------+-------+--------------------------------+
Note: In order to hide this table in the UI and the text report file, please set the "Show Parameter Settings in Synthesis Report" option in "Analysis and Synthesis Settings -> More Settings" to "Off".


+---------------------------------------------------------------------------------------------------------------------------+
; Analysis & Elaboration Settings                                                                                           ;
+---------------------------------------------------------------------------------+--------------------+--------------------+
; Option                                                                          ; Setting            ; Default Value      ;
+---------------------------------------------------------------------------------+--------------------+--------------------+
; Device                                                                          ; 5CSEMA4U23C6       ;                    ;
; Top-level entity name                                                           ; ghrd               ; soc_system         ;
; Family name                                                                     ; Cyclone V          ; Cyclone IV GX      ;
; Maximum processors allowed for parallel compilation                             ; 8                  ;                    ;
; Use smart compilation                                                           ; Off                ; Off                ;
; Enable parallel Assembler and TimeQuest Timing Analyzer during compilation      ; On                 ; On                 ;
; Enable compact report table                                                     ; Off                ; Off                ;
; Restructure Multiplexers                                                        ; Auto               ; Auto               ;
; MLAB Add Timing Constraints For Mixed-Port Feed-Through Mode Setting Don't Care ; Off                ; Off                ;
; Create Debugging Nodes for IP Cores                                             ; Off                ; Off                ;
; Preserve fewer node names                                                       ; On                 ; On                 ;
; OpenCore Plus hardware evaluation                                               ; Enable             ; Enable             ;
; Verilog Version                                                                 ; Verilog_2001       ; Verilog_2001       ;
; VHDL Version                                                                    ; VHDL_1993          ; VHDL_1993          ;
; State Machine Processing                                                        ; Auto               ; Auto               ;
; Safe State Machine                                                              ; Off                ; Off                ;
; Extract Verilog State Machines                                                  ; On                 ; On                 ;
; Extract VHDL State Machines                                                     ; On                 ; On                 ;
; Ignore Verilog initial constructs                                               ; Off                ; Off                ;
; Iteration limit for constant Verilog loops                                      ; 5000               ; 5000               ;
; Iteration limit for non-constant Verilog loops                                  ; 250                ; 250                ;
; Add Pass-Through Logic to Inferred RAMs                                         ; On                 ; On                 ;
; Infer RAMs from Raw Logic                                                       ; On                 ; On                 ;
; Parallel Synthesis                                                              ; On                 ; On                 ;
; DSP Block Balancing                                                             ; Auto               ; Auto               ;
; NOT Gate Push-Back                                                              ; On                 ; On                 ;
; Power-Up Don't Care                                                             ; On                 ; On                 ;
; Remove Redundant Logic Cells                                                    ; Off                ; Off                ;
; Remove Duplicate Registers                                                      ; On                 ; On                 ;
; Ignore CARRY Buffers                                                            ; Off                ; Off                ;
; Ignore CASCADE Buffers                                                          ; Off                ; Off                ;
; Ignore GLOBAL Buffers                                                           ; Off                ; Off                ;
; Ignore ROW GLOBAL Buffers                                                       ; Off                ; Off                ;
; Ignore LCELL Buffers                                                            ; Off                ; Off                ;
; Ignore SOFT Buffers                                                             ; On                 ; On                 ;
; Limit AHDL Integers to 32 Bits                                                  ; Off                ; Off                ;
; Optimization Technique                                                          ; Balanced           ; Balanced           ;
; Carry Chain Length                                                              ; 70                 ; 70                 ;
; Auto Carry Chains                                                               ; On                 ; On                 ;
; Auto Open-Drain Pins                                                            ; On                 ; On                 ;
; Perform WYSIWYG Primitive Resynthesis                                           ; Off                ; Off                ;
; Auto ROM Replacement                                                            ; On                 ; On                 ;
; Auto RAM Replacement                                                            ; On                 ; On                 ;
; Auto DSP Block Replacement                                                      ; On                 ; On                 ;
; Auto Shift Register Replacement                                                 ; Auto               ; Auto               ;
; Allow Shift Register Merging across Hierarchies                                 ; Auto               ; Auto               ;
; Auto Clock Enable Replacement                                                   ; On                 ; On                 ;
; Strict RAM Replacement                                                          ; Off                ; Off                ;
; Allow Synchronous Control Signals                                               ; On                 ; On                 ;
; Force Use of Synchronous Clear Signals                                          ; Off                ; Off                ;
; Auto Resource Sharing                                                           ; Off                ; Off                ;
; Allow Any RAM Size For Recognition                                              ; Off                ; Off                ;
; Allow Any ROM Size For Recognition                                              ; Off                ; Off                ;
; Allow Any Shift Register Size For Recognition                                   ; Off                ; Off                ;
; Use LogicLock Constraints during Resource Balancing                             ; On                 ; On                 ;
; Ignore translate_off and synthesis_off directives                               ; Off                ; Off                ;
; Timing-Driven Synthesis                                                         ; On                 ; On                 ;
; Report Parameter Settings                                                       ; On                 ; On                 ;
; Report Source Assignments                                                       ; On                 ; On                 ;
; Report Connectivity Checks                                                      ; On                 ; On                 ;
; Ignore Maximum Fan-Out Assignments                                              ; Off                ; Off                ;
; Synchronization Register Chain Length                                           ; 3                  ; 3                  ;
; PowerPlay Power Optimization During Synthesis                                   ; Normal compilation ; Normal compilation ;
; HDL message level                                                               ; Level2             ; Level2             ;
; Suppress Register Optimization Related Messages                                 ; Off                ; Off                ;
; Number of Removed Registers Reported in Synthesis Report                        ; 5000               ; 5000               ;
; Number of Swept Nodes Reported in Synthesis Report                              ; 5000               ; 5000               ;
; Number of Inverted Registers Reported in Synthesis Report                       ; 100                ; 100                ;
; Clock MUX Protection                                                            ; On                 ; On                 ;
; Auto Gated Clock Conversion                                                     ; Off                ; Off                ;
; Block Design Naming                                                             ; Auto               ; Auto               ;
; SDC constraint protection                                                       ; Off                ; Off                ;
; Synthesis Effort                                                                ; Auto               ; Auto               ;
; Shift Register Replacement - Allow Asynchronous Clear Signal                    ; On                 ; On                 ;
; Pre-Mapping Resynthesis Optimization                                            ; Off                ; Off                ;
; Analysis & Synthesis Message Level                                              ; Medium             ; Medium             ;
; Disable Register Merging Across Hierarchies                                     ; Auto               ; Auto               ;
; Resource Aware Inference For Block RAM                                          ; On                 ; On                 ;
; Automatic Parallel Synthesis                                                    ; On                 ; On                 ;
; Partial Reconfiguration Bitstream ID                                            ; Off                ; Off                ;
+---------------------------------------------------------------------------------+--------------------+--------------------+


+---------------------------------------------------+
; Port Connectivity Checks: "neopixel:pixel"        ;
+-----------------+-------+----------+--------------+
; Port            ; Type  ; Severity ; Details      ;
+-----------------+-------+----------+--------------+
; color[223..216] ; Input ; Info     ; Stuck at VCC ;
; color[191..184] ; Input ; Info     ; Stuck at VCC ;
; color[159..152] ; Input ; Info     ; Stuck at VCC ;
; color[127..120] ; Input ; Info     ; Stuck at VCC ;
; color[95..88]   ; Input ; Info     ; Stuck at VCC ;
; color[63..56]   ; Input ; Info     ; Stuck at VCC ;
; color[31..24]   ; Input ; Info     ; Stuck at VCC ;
; color[215..192] ; Input ; Info     ; Stuck at GND ;
; color[183..160] ; Input ; Info     ; Stuck at GND ;
; color[151..128] ; Input ; Info     ; Stuck at GND ;
; color[119..96]  ; Input ; Info     ; Stuck at GND ;
; color[87..64]   ; Input ; Info     ; Stuck at GND ;
; color[55..32]   ; Input ; Info     ; Stuck at GND ;
; color[23..0]    ; Input ; Info     ; Stuck at GND ;
+-----------------+-------+----------+--------------+


+---------------------------------+
; Analysis & Elaboration Messages ;
+---------------------------------+
Info (20032): Parallel compilation is enabled and will use up to 8 processors
Warning (20031): Parallel compilation is enabled for 8 processors, but there are only 4 processors in the system. Runtime may increase due to over usage of the processor space.
Info (12021): Found 1 design units, including 1 entities, in source file neopixel.v
    Info (12023): Found entity 1: neopixel File: /home/roboy/workspace/neopixel_fpga/fpga-rtl/neopixel.v Line: 9
Info (12021): Found 1 design units, including 1 entities, in source file Counter.v
    Info (12023): Found entity 1: Counter File: /home/roboy/workspace/neopixel_fpga/fpga-rtl/Counter.v Line: 3
Warning (12125): Using design file ghrd.v, which is not specified as a design file for the current project, but contains definitions for 1 design units and 1 entities in project
    Info (12023): Found entity 1: ghrd File: /home/roboy/workspace/neopixel_fpga/fpga-rtl/ghrd.v Line: 37
Info (12127): Elaborating entity "ghrd" for the top level hierarchy
Warning (10034): Output port "LED" at ghrd.v(120) has no driver File: /home/roboy/workspace/neopixel_fpga/fpga-rtl/ghrd.v Line: 120
Warning (10034): Output port "ADC_CONVST" at ghrd.v(40) has no driver File: /home/roboy/workspace/neopixel_fpga/fpga-rtl/ghrd.v Line: 40
Warning (10034): Output port "ADC_SCK" at ghrd.v(41) has no driver File: /home/roboy/workspace/neopixel_fpga/fpga-rtl/ghrd.v Line: 41
Warning (10034): Output port "ADC_SDI" at ghrd.v(42) has no driver File: /home/roboy/workspace/neopixel_fpga/fpga-rtl/ghrd.v Line: 42
Info (12128): Elaborating entity "neopixel" for hierarchy "neopixel:pixel" File: /home/roboy/workspace/neopixel_fpga/fpga-rtl/ghrd.v Line: 149
Warning (10230): Verilog HDL assignment warning at neopixel.v(77): truncated value with size 32 to match size of target (8) File: /home/roboy/workspace/neopixel_fpga/fpga-rtl/neopixel.v Line: 77
Warning (10230): Verilog HDL assignment warning at neopixel.v(104): truncated value with size 32 to match size of target (8) File: /home/roboy/workspace/neopixel_fpga/fpga-rtl/neopixel.v Line: 104
Info (12128): Elaborating entity "Counter" for hierarchy "neopixel:pixel|Counter:counter" File: /home/roboy/workspace/neopixel_fpga/fpga-rtl/neopixel.v Line: 24


