Archive Project report for soc_system
Tue May 30 19:04:39 2017
Quartus Prime Version 17.0.0 Build 595 04/25/2017 SJ Lite Edition


---------------------
; Table of Contents ;
---------------------
  1. Legal Notice
  2. Archive Project Summary
  3. Archive Project Messages
  4. Files Archived



----------------
; Legal Notice ;
----------------
Copyright (C) 2017  Intel Corporation. All rights reserved.
Your use of Intel Corporation's design tools, logic functions 
and other software and tools, and its AMPP partner logic 
functions, and any output files from any of the foregoing 
(including device programming or simulation files), and any 
associated documentation or information are expressly subject 
to the terms and conditions of the Intel Program License 
Subscription Agreement, the Intel Quartus Prime License Agreement,
the Intel MegaCore Function License Agreement, or other 
applicable license agreement, including, without limitation, 
that your use is for the sole purpose of programming logic 
devices manufactured by Intel and sold by Intel or its 
authorized distributors.  Please refer to the applicable 
agreement for further details.



+----------------------------------------------------------------+
; Archive Project Summary                                        ;
+------------------------+---------------------------------------+
; Archive Project Status ; Successful - Tue May 30 19:04:39 2017 ;
; Revision Name          ; soc_system                            ;
; Top-level Entity Name  ; ghrd                                  ;
; Family                 ; Cyclone V                             ;
+------------------------+---------------------------------------+


+--------------------------+
; Archive Project Messages ;
+--------------------------+
Info: File Set 'Custom' contains:
    Info: Automatically detected source files
    Info: Project source and settings files
Info: Archive will store files relative to the closest common parent directory
Info (13213): Using common directory /home/roboy/workspace/neopixel_fpga/fpga-rtl/
Info: ----------------------------------------------------------
Info: ----------------------------------------------------------
Info: Generated archive '/home/roboy/workspace/neopixel_fpga/fpga-rtl/neopixel_fpga.qar'
Info: ----------------------------------------------------------
Info: ----------------------------------------------------------
Info: Generated report 'soc_system.archive.rpt'
Info (23030): Evaluation of Tcl script /home/roboy/intelFPGA_lite/17.0/quartus/common/tcl/apps/qpm/qar.tcl was successful
Info: Quartus Prime Shell was successful. 0 errors, 10 warnings
    Info: Peak virtual memory: 1056 megabytes
    Info: Processing ended: Tue May 30 19:04:39 2017
    Info: Elapsed time: 00:00:11
    Info: Total CPU time (on all processors): 00:00:24


+------------------------------------+
; Files Archived                     ;
+------------------------------------+
; File Name                          ;
+------------------------------------+
; Counter.v                          ;
; ghrd.v                             ;
; neopixel.v                         ;
; soc_system.qpf                     ;
; soc_system.qsf                     ;
; soc_system_assignment_defaults.qdf ;
+------------------------------------+


